<?xml version="1.0" encoding="UTF-8"?>
<!-- Generated by org.testng.reporters.JUnitXMLReporter -->
<testsuite hostname="BLR-LT-101238" ignored="2" name="sampletest" tests="10" failures="0" timestamp="29 Jul 2018 07:03:57 GMT" time="0.031" errors="0">
  <testcase name="T1" time="0.016" classname="test.Test2"/>
  <testcase name="T2" time="0.0" classname="test.Test2"/>
  <testcase name="T3" time="0.0" classname="test.Test2"/>
  <testcase name="T4" time="0.0" classname="test.Test2"/>
  <testcase name="T5" time="0.0" classname="test.Test2"/>
  <testcase name="TEST1" time="0.0" classname="test.Test3"/>
  <testcase name="TEST2" time="0.0" classname="test.Test3"/>
  <testcase name="TEST3" time="0.0" classname="test.Test3"/>
  <testcase name="TEST4" time="0.0" classname="test.Test3"/>
  <testcase name="TEST5" time="0.0" classname="test.Test3"/>
  <testcase name="@BeforeSuite setUp" time="0.0" classname="test.BaseClass">
    <ignored/>
  </testcase> <!-- @BeforeSuite setUp -->
  <testcase name="@AfterSuite tearDown" time="0.0" classname="test.BaseClass">
    <ignored/>
  </testcase> <!-- @AfterSuite tearDown -->
</testsuite> <!-- sampletest -->
