<?xml version="1.0" encoding="UTF-8"?>
<testng-results skipped="0" failed="0" ignored="2" total="12" passed="10">
  <reporter-output>
  </reporter-output>
  <suite name="Separate test" duration-ms="31" started-at="2018-07-29T07:03:57Z" finished-at="2018-07-29T07:03:57Z">
    <groups>
    </groups>
    <test name="sampletest" duration-ms="31" started-at="2018-07-29T07:03:57Z" finished-at="2018-07-29T07:03:57Z">
      <class name="test.Test3">
        <test-method status="PASS" signature="TEST1()[pri:0, instance:test.Test3@42d80b78]" name="TEST1" duration-ms="0" started-at="2018-07-29T12:33:57Z" finished-at="2018-07-29T12:33:57Z">
          <reporter-output>
          </reporter-output>
        </test-method> <!-- TEST1 -->
        <test-method status="PASS" signature="TEST4()[pri:0, instance:test.Test3@42d80b78]" name="TEST4" duration-ms="0" started-at="2018-07-29T12:33:57Z" finished-at="2018-07-29T12:33:57Z">
          <reporter-output>
          </reporter-output>
        </test-method> <!-- TEST4 -->
        <test-method status="PASS" signature="TEST2()[pri:0, instance:test.Test3@42d80b78]" name="TEST2" duration-ms="0" started-at="2018-07-29T12:33:57Z" finished-at="2018-07-29T12:33:57Z">
          <reporter-output>
          </reporter-output>
        </test-method> <!-- TEST2 -->
        <test-method status="PASS" signature="TEST3()[pri:0, instance:test.Test3@42d80b78]" name="TEST3" duration-ms="0" started-at="2018-07-29T12:33:57Z" finished-at="2018-07-29T12:33:57Z">
          <reporter-output>
          </reporter-output>
        </test-method> <!-- TEST3 -->
        <test-method status="PASS" signature="TEST5()[pri:0, instance:test.Test3@42d80b78]" name="TEST5" duration-ms="0" started-at="2018-07-29T12:33:57Z" finished-at="2018-07-29T12:33:57Z">
          <reporter-output>
          </reporter-output>
        </test-method> <!-- TEST5 -->
      </class> <!-- test.Test3 -->
      <class name="test.Test2">
        <test-method status="PASS" signature="setUp()[pri:0, instance:test.Test2@1e88b3c]" name="setUp" is-config="true" duration-ms="69" started-at="2018-07-29T12:33:57Z" finished-at="2018-07-29T12:33:57Z">
          <reporter-output>
          </reporter-output>
        </test-method> <!-- setUp -->
        <test-method status="PASS" signature="T1()[pri:0, instance:test.Test2@1e88b3c]" name="T1" duration-ms="16" started-at="2018-07-29T12:33:57Z" finished-at="2018-07-29T12:33:57Z">
          <reporter-output>
          </reporter-output>
        </test-method> <!-- T1 -->
        <test-method status="PASS" signature="T5()[pri:0, instance:test.Test2@1e88b3c]" name="T5" duration-ms="0" started-at="2018-07-29T12:33:57Z" finished-at="2018-07-29T12:33:57Z">
          <reporter-output>
          </reporter-output>
        </test-method> <!-- T5 -->
        <test-method status="PASS" signature="T2()[pri:0, instance:test.Test2@1e88b3c]" name="T2" duration-ms="0" started-at="2018-07-29T12:33:57Z" finished-at="2018-07-29T12:33:57Z">
          <reporter-output>
          </reporter-output>
        </test-method> <!-- T2 -->
        <test-method status="PASS" signature="T4()[pri:0, instance:test.Test2@1e88b3c]" name="T4" duration-ms="0" started-at="2018-07-29T12:33:57Z" finished-at="2018-07-29T12:33:57Z">
          <reporter-output>
          </reporter-output>
        </test-method> <!-- T4 -->
        <test-method status="PASS" signature="T3()[pri:0, instance:test.Test2@1e88b3c]" name="T3" duration-ms="0" started-at="2018-07-29T12:33:57Z" finished-at="2018-07-29T12:33:57Z">
          <reporter-output>
          </reporter-output>
        </test-method> <!-- T3 -->
        <test-method status="PASS" signature="tearDown()[pri:0, instance:test.Test2@1e88b3c]" name="tearDown" is-config="true" duration-ms="201" started-at="2018-07-29T12:33:57Z" finished-at="2018-07-29T12:33:57Z">
          <reporter-output>
          </reporter-output>
        </test-method> <!-- tearDown -->
      </class> <!-- test.Test2 -->
    </test> <!-- sampletest -->
  </suite> <!-- Separate test -->
</testng-results>
