<?xml version="1.0" encoding="UTF-8"?>
<testsuite xmlns:xsi="http://www.w3.org/2001/XMLSchema-instance" xsi:noNamespaceSchemaLocation="https://maven.apache.org/surefire/maven-surefire-plugin/xsd/surefire-test-report.xsd" name="TestSuite" time="0.755" tests="10" errors="0" skipped="0" failures="0">
  <properties>
[...]
</properties>
  <testcase name="T1" classname="test.Test2" time="0.016"/>
  <testcase name="T2" classname="test.Test2" time="0"/>
  <testcase name="T3" classname="test.Test2" time="0"/>
  <testcase name="T4" classname="test.Test2" time="0"/>
  <testcase name="T5" classname="test.Test2" time="0"/>
  <testcase name="TEST1" classname="test.Test3" time="0"/>
  <testcase name="TEST2" classname="test.Test3" time="0"/>
  <testcase name="TEST3" classname="test.Test3" time="0"/>
  <testcase name="TEST4" classname="test.Test3" time="0"/>
  <testcase name="TEST5" classname="test.Test3" time="0"/>
</testsuite>